In file included from [01m[K/home/ilyas/workspace/dirver_ws/src/driver/src/MotorDriverNode.cpp:3[m[K:
[01m[K/home/ilyas/workspace/dirver_ws/src/driver/include/MotorDriverNode.hpp:7:10:[m[K [01;31m[Kfatal error: [m[Kgeometry_msgs/msg/twist.hpp: No such file or directory
    7 | #include [01;31m[K"geometry_msgs/msg/twist.hpp"[m[K
      |          [01;31m[K^~~~~~~~~~~~~~~~~~~~~~~~~~~~~[m[K
compilation terminated.
gmake[2]: *** [CMakeFiles/driver.dir/build.make:76: CMakeFiles/driver.dir/src/MotorDriverNode.cpp.o] Error 1
gmake[1]: *** [CMakeFiles/Makefile2:137: CMakeFiles/driver.dir/all] Error 2
gmake: *** [Makefile:146: all] Error 2
